<?xml version="1.0" encoding="UTF-8"?>
<testsuite xmlns:xsi="http://www.w3.org/2001/XMLSchema-instance" xsi:noNamespaceSchemaLocation="https://maven.apache.org/surefire/maven-surefire-plugin/xsd/surefire-test-report.xsd" name="BMICalculatorTest" time="0.2" tests="3" errors="3" skipped="0" failures="0">
  <properties>
[...]
</properties>
  <testcase name="calculateBMI" classname="BMICalculatorTest" time="0.137">
    <error type="java.lang.NullPointerException">java.lang.NullPointerException
	at BMICalculatorTest.calculateBMI(BMICalculatorTest.java:22)
</error>
  </testcase>
  <testcase name="getBMICategoryName" classname="BMICalculatorTest" time="0.016">
    <error type="java.lang.NullPointerException">java.lang.NullPointerException
	at BMICalculatorTest.getBMICategoryName(BMICalculatorTest.java:36)
</error>
  </testcase>
  <testcase name="calculateBMICategory" classname="BMICalculatorTest" time="0">
    <error type="java.lang.NullPointerException">java.lang.NullPointerException
	at BMICalculatorTest.calculateBMICategory(BMICalculatorTest.java:29)
</error>
  </testcase>
</testsuite>